0 verbose cli C:\Program Files\nodejs\node.exe C:\Program Files\nodejs\node_modules\npm\bin\npm-cli.js
1 info using npm@10.9.3
2 info using node@v22.20.0
3 silly config load:file:C:\Program Files\nodejs\node_modules\npm\npmrc
4 silly config load:file:D:\Project\NextRep\.npmrc
5 silly config load:file:C:\Users\Liebesfreud\.npmrc
6 silly config load:file:C:\Users\Liebesfreud\AppData\Roaming\npm\etc\npmrc
7 verbose title npm install
8 verbose argv "install"
9 verbose logfile logs-max:10 dir:D:\Project\NextRep\.npm-cache\_logs\2026-06-12T15_02_44_577Z-
10 verbose logfile D:\Project\NextRep\.npm-cache\_logs\2026-06-12T15_02_44_577Z-debug-0.log
11 silly logfile start cleaning logs, removing 1 files
12 silly packumentCache heap:4345298944 maxSize:1086324736 maxEntrySize:543162368
13 silly logfile done cleaning log files
14 silly idealTree buildDeps
15 silly fetch manifest typescript@~6.0.3
16 silly packumentCache full:https://registry.npmjs.org/typescript cache-miss
17 http fetch GET 200 https://registry.npmjs.org/typescript 1021ms (cache revalidated)
18 silly packumentCache full:https://registry.npmjs.org/typescript set size:15409943 disposed:false
19 silly placeDep ROOT typescript@6.0.3 REPLACE for: nextrepexpo@1.3.0 want: ~6.0.3
20 silly reify mark retired [
20 silly reify   'D:\\Project\\NextRep\\node_modules\\typescript',
20 silly reify   'D:\\Project\\NextRep\\node_modules\\.bin\\tsc',
20 silly reify   'D:\\Project\\NextRep\\node_modules\\.bin\\tsc.cmd',
20 silly reify   'D:\\Project\\NextRep\\node_modules\\.bin\\tsc.ps1',
20 silly reify   'D:\\Project\\NextRep\\node_modules\\.bin\\tsserver',
20 silly reify   'D:\\Project\\NextRep\\node_modules\\.bin\\tsserver.cmd',
20 silly reify   'D:\\Project\\NextRep\\node_modules\\.bin\\tsserver.ps1'
20 silly reify ]
21 silly reify moves {
21 silly reify   'D:\\Project\\NextRep\\node_modules\\typescript': 'D:\\Project\\NextRep\\node_modules\\.typescript-VfAczW1f',
21 silly reify   'D:\\Project\\NextRep\\node_modules\\.bin\\tsc': 'D:\\Project\\NextRep\\node_modules\\.bin\\.tsc-FJHFPUqh',
21 silly reify   'D:\\Project\\NextRep\\node_modules\\.bin\\tsc.cmd': 'D:\\Project\\NextRep\\node_modules\\.bin\\.tsc.cmd-wUqxEBw0',
21 silly reify   'D:\\Project\\NextRep\\node_modules\\.bin\\tsc.ps1': 'D:\\Project\\NextRep\\node_modules\\.bin\\.tsc.ps1-TRopfdaA',
21 silly reify   'D:\\Project\\NextRep\\node_modules\\.bin\\tsserver': 'D:\\Project\\NextRep\\node_modules\\.bin\\.tsserver-8PMx79ej',
21 silly reify   'D:\\Project\\NextRep\\node_modules\\.bin\\tsserver.cmd': 'D:\\Project\\NextRep\\node_modules\\.bin\\.tsserver.cmd-MTYOIAKJ',
21 silly reify   'D:\\Project\\NextRep\\node_modules\\.bin\\tsserver.ps1': 'D:\\Project\\NextRep\\node_modules\\.bin\\.tsserver.ps1-4fPrPunI'
21 silly reify }
22 silly audit bulk request {
22 silly audit   '@adobe/css-tools': [ '4.5.0' ],
22 silly audit   '@alloc/quick-lru': [ '5.2.0' ],
22 silly audit   '@babel/code-frame': [ '7.29.0' ],
22 silly audit   '@babel/compat-data': [ '7.29.0' ],
22 silly audit   '@babel/core': [ '7.29.0' ],
22 silly audit   '@babel/generator': [ '7.29.1' ],
22 silly audit   '@babel/helper-annotate-as-pure': [ '7.27.3' ],
22 silly audit   '@babel/helper-compilation-targets': [ '7.28.6' ],
22 silly audit   '@babel/helper-create-class-features-plugin': [ '7.28.6' ],
22 silly audit   '@babel/helper-create-regexp-features-plugin': [ '7.28.5' ],
22 silly audit   '@babel/helper-define-polyfill-provider': [ '0.6.6' ],
22 silly audit   '@babel/helper-globals': [ '7.28.0' ],
22 silly audit   '@babel/helper-member-expression-to-functions': [ '7.28.5' ],
22 silly audit   '@babel/helper-module-imports': [ '7.28.6' ],
22 silly audit   '@babel/helper-module-transforms': [ '7.28.6' ],
22 silly audit   '@babel/helper-optimise-call-expression': [ '7.27.1' ],
22 silly audit   '@babel/helper-plugin-utils': [ '7.29.7' ],
22 silly audit   '@babel/helper-remap-async-to-generator': [ '7.27.1' ],
22 silly audit   '@babel/helper-replace-supers': [ '7.28.6' ],
22 silly audit   '@babel/helper-skip-transparent-expression-wrappers': [ '7.27.1' ],
22 silly audit   '@babel/helper-string-parser': [ '7.27.1' ],
22 silly audit   '@babel/helper-validator-identifier': [ '7.28.5' ],
22 silly audit   '@babel/helper-validator-option': [ '7.27.1' ],
22 silly audit   '@babel/helper-wrap-function': [ '7.28.6' ],
22 silly audit   '@babel/helpers': [ '7.28.6' ],
22 silly audit   '@babel/parser': [ '7.29.0' ],
22 silly audit   '@babel/plugin-proposal-decorators': [ '7.29.0' ],
22 silly audit   '@babel/plugin-proposal-export-default-from': [ '7.27.1' ],
22 silly audit   '@babel/plugin-syntax-decorators': [ '7.28.6' ],
22 silly audit   '@babel/plugin-syntax-dynamic-import': [ '7.8.3' ],
22 silly audit   '@babel/plugin-syntax-export-default-from': [ '7.28.6' ],
22 silly audit   '@babel/plugin-syntax-flow': [ '7.28.6' ],
22 silly audit   '@babel/plugin-syntax-jsx': [ '7.28.6' ],
22 silly audit   '@babel/plugin-syntax-nullish-coalescing-operator': [ '7.8.3' ],
22 silly audit   '@babel/plugin-syntax-optional-chaining': [ '7.8.3' ],
22 silly audit   '@babel/plugin-syntax-typescript': [ '7.28.6' ],
22 silly audit   '@babel/plugin-transform-arrow-functions': [ '7.27.1' ],
22 silly audit   '@babel/plugin-transform-async-generator-functions': [ '7.29.0' ],
22 silly audit   '@babel/plugin-transform-async-to-generator': [ '7.28.6' ],
22 silly audit   '@babel/plugin-transform-block-scoping': [ '7.28.6' ],
22 silly audit   '@babel/plugin-transform-class-properties': [ '7.28.6' ],
22 silly audit   '@babel/plugin-transform-class-static-block': [ '7.28.6' ],
22 silly audit   '@babel/plugin-transform-classes': [ '7.28.6' ],
22 silly audit   '@babel/plugin-transform-destructuring': [ '7.28.5' ],
22 silly audit   '@babel/plugin-transform-export-namespace-from': [ '7.27.1' ],
22 silly audit   '@babel/plugin-transform-flow-strip-types': [ '7.27.1' ],
22 silly audit   '@babel/plugin-transform-for-of': [ '7.27.1' ],
22 silly audit   '@babel/plugin-transform-logical-assignment-operators': [ '7.28.6' ],
22 silly audit   '@babel/plugin-transform-modules-commonjs': [ '7.28.6' ],
22 silly audit   '@babel/plugin-transform-named-capturing-groups-regex': [ '7.29.0' ],
22 silly audit   '@babel/plugin-transform-nullish-coalescing-operator': [ '7.28.6' ],
22 silly audit   '@babel/plugin-transform-object-rest-spread': [ '7.28.6' ],
22 silly audit   '@babel/plugin-transform-optional-catch-binding': [ '7.28.6' ],
22 silly audit   '@babel/plugin-transform-optional-chaining': [ '7.28.6' ],
22 silly audit   '@babel/plugin-transform-parameters': [ '7.27.7' ],
22 silly audit   '@babel/plugin-transform-private-methods': [ '7.28.6' ],
22 silly audit   '@babel/plugin-transform-private-property-in-object': [ '7.28.6' ],
22 silly audit   '@babel/plugin-transform-react-display-name': [ '7.28.0' ],
22 silly audit   '@babel/plugin-transform-react-jsx': [ '7.28.6' ],
22 silly audit   '@babel/plugin-transform-react-jsx-development': [ '7.27.1' ],
22 silly audit   '@babel/plugin-transform-react-jsx-self': [ '7.29.7' ],
22 silly audit   '@babel/plugin-transform-react-jsx-source': [ '7.29.7' ],
22 silly audit   '@babel/plugin-transform-react-pure-annotations': [ '7.27.1' ],
22 silly audit   '@babel/plugin-transform-regenerator': [ '7.29.7' ],
22 silly audit   '@babel/plugin-transform-runtime': [ '7.29.0' ],
22 silly audit   '@babel/plugin-transform-shorthand-properties': [ '7.27.1' ],
22 silly audit   '@babel/plugin-transform-template-literals': [ '7.27.1' ],
22 silly audit   '@babel/plugin-transform-typescript': [ '7.28.6' ],
22 silly audit   '@babel/plugin-transform-unicode-regex': [ '7.27.1' ],
22 silly audit   '@babel/preset-typescript': [ '7.28.5' ],
22 silly audit   '@babel/runtime': [ '7.28.6' ],
22 silly audit   '@babel/template': [ '7.28.6' ],
22 silly audit   '@babel/traverse': [ '7.29.0' ],
22 silly audit   '@babel/types': [ '7.29.0' ],
22 silly audit   '@drizzle-team/brocli': [ '0.10.2' ],
22 silly audit   '@emotion/is-prop-valid': [ '1.4.0', '0.8.8' ],
22 silly audit   '@emotion/memoize': [ '0.9.0', '0.7.4' ],
22 silly audit   '@esbuild-kit/core-utils': [ '3.3.2' ],
22 silly audit   '@esbuild-kit/esm-loader': [ '2.6.5' ],
22 silly audit   '@esbuild/aix-ppc64': [ '0.25.12', '0.28.1' ],
22 silly audit   '@esbuild/android-arm': [ '0.18.20', '0.25.12', '0.28.1' ],
22 silly audit   '@esbuild/android-arm64': [ '0.18.20', '0.25.12', '0.28.1' ],
22 silly audit   '@esbuild/android-x64': [ '0.18.20', '0.25.12', '0.28.1' ],
22 silly audit   '@esbuild/darwin-arm64': [ '0.18.20', '0.25.12', '0.28.1' ],
22 silly audit   '@esbuild/darwin-x64': [ '0.18.20', '0.25.12', '0.28.1' ],
22 silly audit   '@esbuild/freebsd-arm64': [ '0.18.20', '0.25.12', '0.28.1' ],
22 silly audit   '@esbuild/freebsd-x64': [ '0.18.20', '0.25.12', '0.28.1' ],
22 silly audit   '@esbuild/linux-arm': [ '0.18.20', '0.25.12', '0.28.1' ],
22 silly audit   '@esbuild/linux-arm64': [ '0.18.20', '0.25.12', '0.28.1' ],
22 silly audit   '@esbuild/linux-ia32': [ '0.18.20', '0.25.12', '0.28.1' ],
22 silly audit   '@esbuild/linux-loong64': [ '0.18.20', '0.25.12', '0.28.1' ],
22 silly audit   '@esbuild/linux-mips64el': [ '0.18.20', '0.25.12', '0.28.1' ],
22 silly audit   '@esbuild/linux-ppc64': [ '0.18.20', '0.25.12', '0.28.1' ],
22 silly audit   '@esbuild/linux-riscv64': [ '0.18.20', '0.25.12', '0.28.1' ],
22 silly audit   '@esbuild/linux-s390x': [ '0.18.20', '0.25.12', '0.28.1' ],
22 silly audit   '@esbuild/linux-x64': [ '0.18.20', '0.25.12', '0.28.1' ],
22 silly audit   '@esbuild/netbsd-arm64': [ '0.25.12', '0.28.1' ],
22 silly audit   '@esbuild/netbsd-x64': [ '0.18.20', '0.25.12', '0.28.1' ],
22 silly audit   '@esbuild/openbsd-arm64': [ '0.25.12', '0.28.1' ],
22 silly audit   '@esbuild/openbsd-x64': [ '0.18.20', '0.25.12', '0.28.1' ],
22 silly audit   '@esbuild/openharmony-arm64': [ '0.25.12', '0.28.1' ],
22 silly audit   '@esbuild/sunos-x64': [ '0.18.20', '0.25.12', '0.28.1' ],
22 silly audit   '@esbuild/win32-arm64': [ '0.18.20', '0.25.12', '0.28.1' ],
22 silly audit   '@esbuild/win32-ia32': [ '0.18.20', '0.25.12', '0.28.1' ],
22 silly audit   '@esbuild/win32-x64': [ '0.18.20', '0.25.12', '0.28.1' ],
22 silly audit   '@expo-google-fonts/material-symbols': [ '0.4.38' ],
22 silly audit   '@expo/code-signing-certificates': [ '0.0.6' ],
22 silly audit   '@expo/config': [ '56.0.9' ],
22 silly audit   '@expo/config-plugins': [ '56.0.8' ],
22 silly audit   semver: [ '7.8.4', '7.7.4', '7.7.3', '6.3.1' ],
22 silly audit   '@expo/config-types': [ '56.0.5' ],
22 silly audit   '@expo/devcert': [ '1.2.1' ],
22 silly audit   debug: [ '3.2.7', '2.6.9', '4.4.3' ],
22 silly audit   '@expo/devtools': [ '56.0.2' ],
22 silly audit   '@expo/dom-webview': [ '56.0.5' ],
22 silly audit   '@expo/env': [ '2.3.0' ],
22 silly audit   '@expo/expo-modules-macros-plugin': [ '0.2.2' ],
22 silly audit   '@expo/fingerprint': [ '0.19.4' ],
22 silly audit   '@expo/image-utils': [ '0.10.1' ],
22 silly audit   '@expo/inline-modules': [ '0.0.11' ],
22 silly audit   '@expo/json-file': [ '10.2.0' ],
22 silly audit   '@expo/local-build-cache-provider': [ '56.0.8' ],
22 silly audit   '@expo/log-box': [ '56.0.13' ],
22 silly audit   '@expo/metro': [ '56.0.0' ],
22 silly audit   '@expo/metro-config': [ '56.0.14' ],
22 silly audit   '@expo/metro-file-map': [ '56.0.3' ],
22 silly audit   '@expo/metro-runtime': [ '56.0.15' ],
22 silly audit   '@expo/osascript': [ '2.6.0' ],
22 silly audit   '@expo/package-manager': [ '1.12.1' ],
22 silly audit   '@expo/plist': [ '0.7.0' ],
22 silly audit   '@expo/prebuild-config': [ '56.0.15' ],
22 silly audit   '@expo/require-utils': [ '56.1.3' ],
22 silly audit   '@expo/schema-utils': [ '56.0.1' ],
22 silly audit   '@expo/sdk-runtime-versions': [ '1.0.0' ],
22 silly audit   '@expo/spawn-async': [ '1.8.0' ],
22 silly audit   '@expo/sudo-prompt': [ '9.3.2' ],
22 silly audit   '@expo/ui': [ '56.0.17' ],
22 silly audit   '@expo/xcpretty': [ '4.4.4' ],
22 silly audit   '@isaacs/ttlcache': [ '1.4.1' ],
22 silly audit   '@jest/schemas': [ '29.6.3' ],
22 silly audit   '@jest/types': [ '29.6.3' ],
22 silly audit   '@jridgewell/gen-mapping': [ '0.3.13' ],
22 silly audit   '@jridgewell/remapping': [ '2.3.5' ],
22 silly audit   '@jridgewell/resolve-uri': [ '3.1.2' ],
22 silly audit   '@jridgewell/source-map': [ '0.3.11' ],
22 silly audit   '@jridgewell/sourcemap-codec': [ '1.5.5' ],
22 silly audit   '@jridgewell/trace-mapping': [ '0.3.31' ],
22 silly audit   '@motionone/animation': [ '10.18.0' ],
22 silly audit   '@motionone/dom': [ '10.12.0' ],
22 silly audit   '@motionone/easing': [ '10.18.0' ],
22 silly audit   '@motionone/generators': [ '10.18.0' ],
22 silly audit   '@motionone/types': [ '10.17.1' ],
22 silly audit   '@motionone/utils': [ '10.18.0' ],
22 silly audit   '@nodelib/fs.scandir': [ '2.1.5' ],
22 silly audit   '@nodelib/fs.stat': [ '2.0.5' ],
22 silly audit   '@nodelib/fs.walk': [ '1.2.8' ],
22 silly audit   '@radix-ui/primitive': [ '1.1.3', '1.1.4' ],
22 silly audit   '@radix-ui/react-collection': [ '1.1.7' ],
22 silly audit   '@radix-ui/react-slot': [ '1.2.3', '1.2.5' ],
22 silly audit   '@radix-ui/react-compose-refs': [ '1.1.2', '1.1.3' ],
22 silly audit   '@radix-ui/react-context': [ '1.1.2', '1.1.4' ],
22 silly audit   '@radix-ui/react-dialog': [ '1.1.15' ],
22 silly audit   '@radix-ui/react-direction': [ '1.1.1' ],
22 silly audit   '@radix-ui/react-dismissable-layer': [ '1.1.11' ],
22 silly audit   '@radix-ui/react-focus-guards': [ '1.1.3' ],
22 silly audit   '@radix-ui/react-focus-scope': [ '1.1.7' ],
22 silly audit   '@radix-ui/react-id': [ '1.1.1' ],
22 silly audit   '@radix-ui/react-portal': [ '1.1.9' ],
22 silly audit   '@radix-ui/react-presence': [ '1.1.5' ],
22 silly audit   '@radix-ui/react-primitive': [ '2.1.3', '2.1.5' ],
22 silly audit   '@radix-ui/react-roving-focus': [ '1.1.11' ],
22 silly audit   '@radix-ui/react-tabs': [ '1.1.13' ],
22 silly audit   '@radix-ui/react-use-callback-ref': [ '1.1.1' ],
22 silly audit   '@radix-ui/react-use-controllable-state': [ '1.2.2', '1.2.3' ],
22 silly audit   '@radix-ui/react-use-effect-event': [ '0.0.2', '0.0.3' ],
22 silly audit   '@radix-ui/react-use-escape-keydown': [ '1.1.1' ],
22 silly audit   '@radix-ui/react-use-layout-effect': [ '1.1.1', '1.1.2' ],
22 silly audit   '@radix-ui/react-use-previous': [ '1.1.2' ],
22 silly audit   '@radix-ui/react-use-size': [ '1.1.2' ],
22 silly audit   '@react-native-async-storage/async-storage': [ '2.2.0' ],
22 silly audit   '@react-native-masked-view/masked-view': [ '0.3.2' ],
22 silly audit   '@react-native/assets-registry': [ '0.85.3' ],
22 silly audit   '@react-native/babel-plugin-codegen': [ '0.85.3' ],
22 silly audit   '@react-native/babel-preset': [ '0.85.3' ],
22 silly audit   'react-refresh': [ '0.14.2', '0.18.0' ],
22 silly audit   '@react-native/codegen': [ '0.85.3' ],
22 silly audit   '@react-native/community-cli-plugin': [ '0.85.3' ],
22 silly audit   '@react-native/debugger-frontend': [ '0.85.3' ],
22 silly audit   '@react-native/debugger-shell': [ '0.85.3' ],
22 silly audit   '@react-native/dev-middleware': [ '0.85.3' ],
22 silly audit   '@react-native/gradle-plugin': [ '0.85.3' ],
22 silly audit   '@react-native/js-polyfills': [ '0.85.3' ],
22 silly audit   '@react-native/metro-babel-transformer': [ '0.85.3' ],
22 silly audit   '@react-native/metro-config': [ '0.85.3' ],
22 silly audit   '@react-native/normalize-colors': [ '0.85.3', '0.74.89' ],
22 silly audit   '@react-native/virtualized-lists': [ '0.85.3' ],
22 silly audit   '@rn-primitives/separator': [ '1.4.0' ],
22 silly audit   '@radix-ui/react-separator': [ '1.1.9' ],
22 silly audit   '@rn-primitives/slot': [ '1.4.0' ],
22 silly audit   '@rn-primitives/switch': [ '1.4.0' ],
22 silly audit   '@radix-ui/react-switch': [ '1.3.0' ],
22 silly audit   '@rn-primitives/types': [ '1.4.0' ],
22 silly audit   '@sinclair/typebox': [ '0.27.10' ],
22 silly audit   '@testing-library/dom': [ '10.4.1' ],
22 silly audit   'ansi-styles': [ '5.2.0', '4.3.0', '3.2.1' ],
22 silly audit   'pretty-format': [ '27.5.1', '29.7.0' ],
22 silly audit   'react-is': [ '17.0.2', '18.3.1', '16.13.1', '19.2.7' ],
22 silly audit   '@testing-library/jest-dom': [ '6.9.1' ],
22 silly audit   'dom-accessibility-api': [ '0.6.3', '0.5.16' ],
22 silly audit   '@testing-library/user-event': [ '14.6.1' ],
22 silly audit   '@types/aria-query': [ '5.0.4' ],
22 silly audit   '@types/istanbul-lib-coverage': [ '2.0.6' ],
22 silly audit   '@types/istanbul-lib-report': [ '3.0.3' ],
22 silly audit   '@types/istanbul-reports': [ '3.0.4' ],
22 silly audit   '@types/node': [ '25.3.3' ],
22 silly audit   '@types/react': [ '19.2.14' ],
22 silly audit   '@types/react-test-renderer': [ '19.1.0' ],
22 silly audit   '@types/yargs': [ '17.0.35' ],
22 silly audit   '@types/yargs-parser': [ '21.0.3' ],
22 silly audit   '@ungap/structured-clone': [ '1.3.0' ],
22 silly audit   '@xmldom/xmldom': [ '0.8.13' ],
22 silly audit   'abort-controller': [ '3.0.0' ],
22 silly audit   accepts: [ '2.0.0', '1.3.8' ],
22 silly audit   acorn: [ '8.16.0' ],
22 silly audit   'agent-base': [ '7.1.4' ],
22 silly audit   anser: [ '1.4.10' ],
22 silly audit   'ansi-escapes': [ '4.3.2' ],
22 silly audit   'type-fest': [ '0.21.3', '0.7.1' ],
22 silly audit   'ansi-regex': [ '5.0.1', '4.1.1' ],
22 silly audit   'any-promise': [ '1.3.0' ],
22 silly audit   anymatch: [ '3.1.3' ],
22 silly audit   picomatch: [ '2.3.2', '4.0.4' ],
22 silly audit   arg: [ '5.0.2' ],
22 silly audit   argparse: [ '2.0.1', '1.0.10' ],
22 silly audit   'aria-hidden': [ '1.2.6' ],
22 silly audit   'aria-query': [ '5.3.0' ],
22 silly audit   'array-timsort': [ '1.0.3' ],
22 silly audit   asap: [ '2.0.6' ],
22 silly audit   'await-lock': [ '2.2.2' ],
22 silly audit   'babel-plugin-polyfill-corejs2': [ '0.4.15' ],
22 silly audit   'babel-plugin-polyfill-corejs3': [ '0.13.0' ],
22 silly audit   'babel-plugin-polyfill-regenerator': [ '0.6.6' ],
22 silly audit   'babel-plugin-react-compiler': [ '1.0.0' ],
22 silly audit   'babel-plugin-react-native-web': [ '0.21.2' ],
22 silly audit   'babel-plugin-syntax-hermes-parser': [ '0.33.3' ],
22 silly audit   'babel-plugin-transform-flow-enums': [ '0.0.2' ],
22 silly audit   'babel-preset-expo': [ '56.0.15' ],
22 silly audit   'balanced-match': [ '4.0.4' ],
22 silly audit   'base64-js': [ '1.5.1' ],
22 silly audit   'baseline-browser-mapping': [ '2.10.0' ],
22 silly audit   'big-integer': [ '1.6.52' ],
22 silly audit   'binary-extensions': [ '2.3.0' ],
22 silly audit   boolbase: [ '1.0.0' ],
22 silly audit   'bplist-creator': [ '0.1.0' ],
22 silly audit   'bplist-parser': [ '0.3.1' ],
22 silly audit   'brace-expansion': [ '5.0.6' ],
22 silly audit   braces: [ '3.0.3' ],
22 silly audit   browserslist: [ '4.28.1' ],
22 silly audit   bser: [ '2.1.1' ],
22 silly audit   'buffer-from': [ '1.1.2' ],
22 silly audit   bytes: [ '3.1.2' ],
22 silly audit   camelcase: [ '6.3.0' ],
22 silly audit   'camelcase-css': [ '2.0.1' ],
22 silly audit   camelize: [ '1.0.1' ],
22 silly audit   'caniuse-lite': [ '1.0.30001775' ],
22 silly audit   chalk: [ '4.1.2', '2.4.2' ],
22 silly audit   chokidar: [ '3.6.0' ],
22 silly audit   'glob-parent': [ '5.1.2', '6.0.2' ],
22 silly audit   'chrome-launcher': [ '0.15.2' ],
22 silly audit   'chromium-edge-launcher': [ '0.3.0' ],
22 silly audit   'ci-info': [ '2.0.0', '3.9.0' ],
22 silly audit   'class-variance-authority': [ '0.7.1' ],
22 silly audit   'cli-cursor': [ '2.1.0' ],
22 silly audit   'cli-spinners': [ '2.9.2' ],
22 silly audit   'client-only': [ '0.0.1' ],
22 silly audit   cliui: [ '8.0.1' ],
22 silly audit   clone: [ '1.0.4' ],
22 silly audit   clsx: [ '2.1.1' ],
22 silly audit   color: [ '4.2.3' ],
22 silly audit   'color-convert': [ '2.0.1', '1.9.3' ],
22 silly audit   'color-name': [ '1.1.4', '1.1.3' ],
22 silly audit   'color-string': [ '1.9.1' ],
22 silly audit   commander: [ '7.2.0', '12.1.0', '4.1.1', '2.20.3' ],
22 silly audit   'comment-json': [ '4.5.1' ],
22 silly audit   compressible: [ '2.0.18' ],
22 silly audit   compression: [ '1.8.1' ],
22 silly audit   ms: [ '2.0.0', '2.1.3' ],
22 silly audit   negotiator: [ '0.6.4', '0.6.3', '1.0.0' ],
22 silly audit   connect: [ '3.7.0' ],
22 silly audit   'convert-source-map': [ '2.0.0' ],
22 silly audit   'core-js-compat': [ '3.48.0' ],
22 silly audit   'core-util-is': [ '1.0.3' ],
22 silly audit   'cross-fetch': [ '3.2.0' ],
22 silly audit   'cross-spawn': [ '7.0.6' ],
22 silly audit   'css-color-keywords': [ '1.0.0' ],
22 silly audit   'css-in-js-utils': [ '3.1.0' ],
22 silly audit   'css-select': [ '5.2.2' ],
22 silly audit   'css-to-react-native': [ '3.2.0' ],
22 silly audit   'css-tree': [ '1.1.3' ],
22 silly audit   'source-map': [ '0.6.1', '0.5.7' ],
22 silly audit   'css-what': [ '6.2.2' ],
22 silly audit   'css.escape': [ '1.5.1' ],
22 silly audit   cssesc: [ '3.0.0' ],
22 silly audit   csstype: [ '3.2.3' ],
22 silly audit   'decode-uri-component': [ '0.2.2' ],
22 silly audit   deepmerge: [ '4.3.1' ],
22 silly audit   defaults: [ '1.0.4' ],
22 silly audit   depd: [ '2.0.0' ],
22 silly audit   dequal: [ '2.0.3' ],
22 silly audit   destroy: [ '1.2.0' ],
22 silly audit   'detect-libc': [ '2.1.2', '1.0.3' ],
22 silly audit   'detect-node-es': [ '1.1.0' ],
22 silly audit   didyoumean: [ '1.2.2' ],
22 silly audit   dlv: [ '1.1.3' ],
22 silly audit   'dnssd-advertise': [ '1.1.6' ],
22 silly audit   'dom-serializer': [ '2.0.0' ],
22 silly audit   domelementtype: [ '2.3.0' ],
22 silly audit   domhandler: [ '5.0.3' ],
22 silly audit   domutils: [ '3.2.2' ],
22 silly audit   'drizzle-kit': [ '0.31.10' ],
22 silly audit   esbuild: [ '0.25.12', '0.18.20', '0.28.1' ],
22 silly audit   'drizzle-orm': [ '0.45.2' ],
22 silly audit   'ee-first': [ '1.1.1' ],
22 silly audit   'electron-to-chromium': [ '1.5.302' ],
22 silly audit   'emoji-regex': [ '8.0.0' ],
22 silly audit   encodeurl: [ '1.0.2', '2.0.0' ],
22 silly audit   entities: [ '4.5.0', '2.0.3' ],
22 silly audit   'error-stack-parser': [ '2.1.4' ],
22 silly audit   escalade: [ '3.2.0' ],
22 silly audit   'escape-html': [ '1.0.3' ],
22 silly audit   'escape-string-regexp': [ '4.0.0', '1.0.5' ],
22 silly audit   esprima: [ '4.0.1' ],
22 silly audit   etag: [ '1.8.1' ],
22 silly audit   'event-target-shim': [ '5.0.1' ],
22 silly audit   expo: [ '56.0.11' ],
22 silly audit   'expo-asset': [ '56.0.17' ],
22 silly audit   'expo-blur': [ '56.0.3' ],
22 silly audit   'expo-constants': [ '56.0.18' ],
22 silly audit   'expo-crypto': [ '56.0.4' ],
22 silly audit   'expo-document-picker': [ '56.0.4' ],
22 silly audit   'expo-file-system': [ '56.0.8' ],
22 silly audit   'expo-font': [ '56.0.6' ],
22 silly audit   'expo-glass-effect': [ '56.0.4' ],
22 silly audit   'expo-keep-awake': [ '56.0.3' ],
22 silly audit   'expo-linear-gradient': [ '56.0.4' ],
22 silly audit   'expo-linking': [ '56.0.14' ],
22 silly audit   'expo-modules-autolinking': [ '56.0.15' ],
22 silly audit   'expo-modules-core': [ '56.0.16' ],
22 silly audit   'expo-modules-jsi': [ '56.0.9' ],
22 silly audit   'expo-router': [ '56.2.10' ],
22 silly audit   'expo-server': [ '56.0.5' ],
22 silly audit   'expo-sharing': [ '56.0.17' ],
22 silly audit   'expo-splash-screen': [ '56.0.10' ],
22 silly audit   'expo-sqlite': [ '56.0.5' ],
22 silly audit   'expo-status-bar': [ '56.0.4' ],
22 silly audit   'expo-symbols': [ '56.0.6' ],
22 silly audit   'expo-system-ui': [ '56.0.5' ],
22 silly audit   '@expo/cli': [ '56.1.15' ],
22 silly audit   '@expo/router-server': [ '56.0.14' ],
22 silly audit   '@expo/ws-tunnel': [ '2.0.0' ],
22 silly audit   'mime-db': [ '1.52.0', '1.54.0' ],
22 silly audit   'mime-types': [ '2.1.35', '3.0.2' ],
22 silly audit   ws: [ '8.21.0', '7.5.10' ],
22 silly audit   'exponential-backoff': [ '3.1.3' ],
22 silly audit   'fast-deep-equal': [ '3.1.3' ],
22 silly audit   'fast-glob': [ '3.3.3' ],
22 silly audit   fastq: [ '1.20.1' ],
22 silly audit   'fb-dotslash': [ '0.5.8' ],
22 silly audit   'fb-watchman': [ '2.0.2' ],
22 silly audit   fbjs: [ '3.0.5' ],
22 silly audit   'fbjs-css-vars': [ '1.0.2' ],
22 silly audit   promise: [ '7.3.1', '8.3.0' ],
22 silly audit   fdir: [ '6.5.0' ],
22 silly audit   'fetch-nodeshim': [ '0.4.10' ],
22 silly audit   'fill-range': [ '7.1.1' ],
22 silly audit   'filter-obj': [ '1.1.0' ],
22 silly audit   finalhandler: [ '1.1.2' ],
22 silly audit   'flow-enums-runtime': [ '0.0.6' ],
22 silly audit   fontfaceobserver: [ '2.3.0' ],
22 silly audit   'framer-motion': [ '6.5.1' ],
22 silly audit   framesync: [ '6.0.1' ],
22 silly audit   fresh: [ '0.5.2' ],
22 silly audit   fsevents: [ '2.3.3' ],
22 silly audit   'function-bind': [ '1.1.2' ],
22 silly audit   gensync: [ '1.0.0-beta.2' ],
22 silly audit   'get-caller-file': [ '2.0.5' ],
22 silly audit   'get-nonce': [ '1.0.1' ],
22 silly audit   'get-tsconfig': [ '4.13.6' ],
22 silly audit   getenv: [ '2.0.0' ],
22 silly audit   glob: [ '13.0.6' ],
22 silly audit   'graceful-fs': [ '4.2.11' ],
22 silly audit   'has-flag': [ '4.0.0', '3.0.0' ],
22 silly audit   hasown: [ '2.0.2' ],
22 silly audit   'hermes-compiler': [ '250829098.0.10' ],
22 silly audit   'hermes-estree': [ '0.33.3', '0.35.0' ],
22 silly audit   'hermes-parser': [ '0.33.3', '0.35.0' ],
22 silly audit   'hey-listen': [ '1.0.8' ],
22 silly audit   'hosted-git-info': [ '7.0.2' ],
22 silly audit   'lru-cache': [ '10.4.3', '5.1.1', '11.2.6' ],
22 silly audit   'http-errors': [ '2.0.1' ],
22 silly audit   statuses: [ '2.0.2', '1.5.0' ],
22 silly audit   'https-proxy-agent': [ '7.0.6' ],
22 silly audit   'hyphenate-style-name': [ '1.1.0' ],
22 silly audit   ignore: [ '5.3.2' ],
22 silly audit   'image-size': [ '1.2.1' ],
22 silly audit   'indent-string': [ '4.0.0' ],
22 silly audit   inherits: [ '2.0.4' ],
22 silly audit   'inline-style-prefixer': [ '7.0.1' ],
22 silly audit   invariant: [ '2.2.4' ],
22 silly audit   'is-arrayish': [ '0.3.4' ],
22 silly audit   'is-binary-path': [ '2.1.0' ],
22 silly audit   'is-core-module': [ '2.16.1' ],
22 silly audit   'is-docker': [ '2.2.1' ],
22 silly audit   'is-extglob': [ '2.1.1' ],
22 silly audit   'is-fullwidth-code-point': [ '3.0.0' ],
22 silly audit   'is-glob': [ '4.0.3' ],
22 silly audit   'is-number': [ '7.0.0' ],
22 silly audit   'is-plain-obj': [ '2.1.0' ],
22 silly audit   'is-wsl': [ '2.2.0' ],
22 silly audit   isexe: [ '2.0.0' ],
22 silly audit   'jest-get-type': [ '29.6.3' ],
22 silly audit   'jest-util': [ '29.7.0' ],
22 silly audit   'jest-validate': [ '29.7.0' ],
22 silly audit   'jest-worker': [ '29.7.0' ],
22 silly audit   'supports-color': [ '8.1.1', '5.5.0', '7.2.0' ],
22 silly audit   'jimp-compact': [ '0.16.1' ],
22 silly audit   jiti: [ '1.21.7' ],
22 silly audit   'js-tokens': [ '4.0.0' ],
22 silly audit   'js-yaml': [ '4.2.0' ],
22 silly audit   'jsc-safe-url': [ '0.2.4' ],
22 silly audit   jsesc: [ '3.1.0' ],
22 silly audit   json5: [ '2.2.3' ],
22 silly audit   kleur: [ '3.0.3' ],
22 silly audit   'lan-network': [ '0.2.1' ],
22 silly audit   leven: [ '3.1.0' ],
22 silly audit   'lighthouse-logger': [ '1.4.2' ],
22 silly audit   lightningcss: [ '1.32.0', '1.27.0' ],
22 silly audit   'lightningcss-android-arm64': [ '1.32.0' ],
22 silly audit   'lightningcss-darwin-arm64': [ '1.32.0', '1.27.0' ],
22 silly audit   'lightningcss-darwin-x64': [ '1.32.0', '1.27.0' ],
22 silly audit   'lightningcss-freebsd-x64': [ '1.32.0', '1.27.0' ],
22 silly audit   'lightningcss-linux-arm-gnueabihf': [ '1.32.0', '1.27.0' ],
22 silly audit   'lightningcss-linux-arm64-gnu': [ '1.32.0', '1.27.0' ],
22 silly audit   'lightningcss-linux-arm64-musl': [ '1.32.0', '1.27.0' ],
22 silly audit   'lightningcss-linux-x64-gnu': [ '1.32.0', '1.27.0' ],
22 silly audit   'lightningcss-linux-x64-musl': [ '1.32.0', '1.27.0' ],
22 silly audit   'lightningcss-win32-arm64-msvc': [ '1.32.0', '1.27.0' ],
22 silly audit   'lightningcss-win32-x64-msvc': [ '1.32.0', '1.27.0' ],
22 silly audit   lilconfig: [ '3.1.3' ],
22 silly audit   'lines-and-columns': [ '1.2.4' ],
22 silly audit   'linkify-it': [ '5.0.0', '2.2.0' ],
22 silly audit   'lodash.debounce': [ '4.0.8' ],
22 silly audit   'lodash.throttle': [ '4.1.1' ],
22 silly audit   'log-symbols': [ '2.2.0' ],
22 silly audit   'loose-envify': [ '1.4.0' ],
22 silly audit   'lucide-react-native': [ '0.575.0' ],
22 silly audit   'lz-string': [ '1.5.0' ],
22 silly audit   makeerror: [ '1.0.12' ],
22 silly audit   'markdown-it': [ '14.1.1', '10.0.0' ],
22 silly audit   marky: [ '1.3.0' ],
22 silly audit   'mdn-data': [ '2.0.14' ],
22 silly audit   mdurl: [ '2.0.0', '1.0.1' ],
22 silly audit   'memoize-one': [ '5.2.1', '6.0.0' ],
22 silly audit   'merge-options': [ '3.0.4' ],
22 silly audit   'merge-stream': [ '2.0.0' ],
22 silly audit   merge2: [ '1.4.1' ],
22 silly audit   metro: [ '0.84.4' ],
22 silly audit   'metro-babel-transformer': [ '0.84.4' ],
22 silly audit   'metro-cache': [ '0.84.4' ],
22 silly audit   'metro-cache-key': [ '0.84.4' ],
22 silly audit   'metro-config': [ '0.84.4' ],
22 silly audit   'metro-core': [ '0.84.4' ],
22 silly audit   'metro-file-map': [ '0.84.4' ],
22 silly audit   'metro-minify-terser': [ '0.84.4' ],
22 silly audit   'metro-resolver': [ '0.84.4' ],
22 silly audit   'metro-runtime': [ '0.84.4' ],
22 silly audit   'metro-source-map': [ '0.84.4' ],
22 silly audit   'metro-symbolicate': [ '0.84.4' ],
22 silly audit   'metro-transform-plugins': [ '0.84.4' ],
22 silly audit   'metro-transform-worker': [ '0.84.4' ],
22 silly audit   micromatch: [ '4.0.8' ],
22 silly audit   mime: [ '1.6.0' ],
22 silly audit   'mimic-fn': [ '1.2.0' ],
22 silly audit   'min-indent': [ '1.0.1' ],
22 silly audit   minimatch: [ '10.2.4' ],
22 silly audit   minipass: [ '7.1.3' ],
22 silly audit   mkdirp: [ '1.0.4' ],
22 silly audit   moti: [ '0.30.0' ],
22 silly audit   multitars: [ '1.0.0' ],
22 silly audit   mz: [ '2.7.0' ],
22 silly audit   nanoid: [ '3.3.12' ],
22 silly audit   nativewind: [ '4.2.2' ],
22 silly audit   'node-fetch': [ '2.7.0' ],
22 silly audit   'node-forge': [ '1.4.0' ],
22 silly audit   'node-int64': [ '0.4.0' ],
22 silly audit   'node-releases': [ '2.0.27' ],
22 silly audit   'normalize-path': [ '3.0.0' ],
22 silly audit   'npm-package-arg': [ '11.0.3' ],
22 silly audit   'nth-check': [ '2.1.1' ],
22 silly audit   nullthrows: [ '1.1.1' ],
22 silly audit   ob1: [ '0.84.4' ],
22 silly audit   'object-assign': [ '4.1.1' ],
22 silly audit   'object-hash': [ '3.0.0' ],
22 silly audit   'on-finished': [ '2.3.0', '2.4.1' ],
22 silly audit   'on-headers': [ '1.1.0' ],
22 silly audit   onetime: [ '2.0.1' ],
22 silly audit   open: [ '7.4.2' ],
22 silly audit   ora: [ '3.4.0' ],
22 silly audit   'strip-ansi': [ '5.2.0', '6.0.1' ],
22 silly audit   'parse-png': [ '2.1.0' ],
22 silly audit   parseurl: [ '1.3.3' ],
22 silly audit   'path-key': [ '3.1.1' ],
22 silly audit   'path-parse': [ '1.0.7' ],
22 silly audit   'path-scurry': [ '2.0.2' ],
22 silly audit   picocolors: [ '1.1.1' ],
22 silly audit   pify: [ '2.3.0' ],
22 silly audit   pirates: [ '4.0.7' ],
22 silly audit   plist: [ '3.1.0' ],
22 silly audit   pngjs: [ '3.4.0' ],
22 silly audit   popmotion: [ '11.0.3' ],
22 silly audit   postcss: [ '8.5.15' ],
22 silly audit   'postcss-import': [ '15.1.0' ],
22 silly audit   'postcss-js': [ '4.1.0' ],
22 silly audit   'postcss-load-config': [ '6.0.1' ],
22 silly audit   'postcss-nested': [ '6.2.0' ],
22 silly audit   'postcss-selector-parser': [ '6.1.2' ],
22 silly audit   'postcss-value-parser': [ '4.2.0' ],
22 silly audit   'proc-log': [ '4.2.0' ],
22 silly audit   progress: [ '2.0.3' ],
22 silly audit   prompts: [ '2.4.2' ],
22 silly audit   'prop-types': [ '15.8.1' ],
22 silly audit   punycode: [ '2.3.1' ],
22 silly audit   'punycode.js': [ '2.3.1' ],
22 silly audit   'query-string': [ '7.1.3' ],
22 silly audit   queue: [ '6.0.2' ],
22 silly audit   'queue-microtask': [ '1.2.3' ],
22 silly audit   'range-parser': [ '1.2.1' ],
22 silly audit   react: [ '19.2.3' ],
22 silly audit   'react-devtools-core': [ '6.1.5' ],
22 silly audit   'react-dom': [ '19.2.3' ],
22 silly audit   'react-fast-compare': [ '3.2.2' ],
22 silly audit   'react-freeze': [ '1.0.4' ],
22 silly audit   'react-native': [ '0.85.3' ],
22 silly audit   'react-native-confetti-cannon': [ '1.5.2' ],
22 silly audit   'react-native-css-interop': [ '0.2.2' ],
22 silly audit   'react-native-drawer-layout': [ '4.2.5' ],
22 silly audit   'react-native-fit-image': [ '1.5.5' ],
22 silly audit   'react-native-gesture-handler': [ '3.0.1' ],
22 silly audit   'react-native-is-edge-to-edge': [ '1.3.1' ],
22 silly audit   'react-native-markdown-display': [ '7.0.2' ],
22 silly audit   'uc.micro': [ '1.0.6', '2.1.0' ],
22 silly audit   'react-native-reanimated': [ '4.3.1' ],
22 silly audit   'react-native-safe-area-context': [ '5.7.0' ],
22 silly audit   'react-native-screens': [ '4.25.2' ],
22 silly audit   'react-native-svg': [ '15.15.4' ],
22 silly audit   'react-native-web': [ '0.21.2' ],
22 silly audit   'react-native-worklets': [ '0.8.3' ],
22 silly audit   'react-remove-scroll': [ '2.7.2' ],
22 silly audit   'react-remove-scroll-bar': [ '2.3.8' ],
22 silly audit   'react-style-singleton': [ '2.2.3' ],
22 silly audit   'read-cache': [ '1.0.0' ],
22 silly audit   readdirp: [ '3.6.0' ],
22 silly audit   redent: [ '3.0.0' ],
22 silly audit   regenerate: [ '1.4.2' ],
22 silly audit   'regenerate-unicode-properties': [ '10.2.2' ],
22 silly audit   'regenerator-runtime': [ '0.13.11' ],
22 silly audit   'regexpu-core': [ '6.4.0' ],
22 silly audit   regjsgen: [ '0.8.0' ],
22 silly audit   regjsparser: [ '0.13.0' ],
22 silly audit   'require-directory': [ '2.1.1' ],
22 silly audit   resolve: [ '1.22.11' ],
22 silly audit   'resolve-from': [ '5.0.0' ],
22 silly audit   'resolve-pkg-maps': [ '1.0.0' ],
22 silly audit   'resolve-workspace-root': [ '2.0.1' ],
22 silly audit   'restore-cursor': [ '2.0.0' ],
22 silly audit   reusify: [ '1.1.0' ],
22 silly audit   'run-parallel': [ '1.2.0' ],
22 silly audit   'safe-buffer': [ '5.2.1' ],
22 silly audit   sax: [ '1.4.4' ],
22 silly audit   scheduler: [ '0.27.0' ],
22 silly audit   send: [ '0.19.2' ],
22 silly audit   'serialize-error': [ '2.1.0' ],
22 silly audit   'serve-static': [ '1.16.3' ],
22 silly audit   'server-only': [ '0.0.1' ],
22 silly audit   setimmediate: [ '1.0.5' ],
22 silly audit   setprototypeof: [ '1.2.0' ],
22 silly audit   'sf-symbols-typescript': [ '2.2.0' ],
22 silly audit   shallowequal: [ '1.1.0' ],
22 silly audit   'shebang-command': [ '2.0.0' ],
22 silly audit   'shebang-regex': [ '3.0.0' ],
22 silly audit   'shell-quote': [ '1.8.4' ],
22 silly audit   'signal-exit': [ '3.0.7' ],
22 silly audit   'simple-plist': [ '1.3.1' ],
22 silly audit   'simple-swizzle': [ '0.2.4' ],
22 silly audit   sisteransi: [ '1.0.5' ],
22 silly audit   slugify: [ '1.6.6' ],
22 silly audit   'source-map-js': [ '1.2.1' ],
22 silly audit   'source-map-support': [ '0.5.21' ],
22 silly audit   'split-on-first': [ '1.1.0' ],
22 silly audit   'sprintf-js': [ '1.0.3' ],
22 silly audit   stackframe: [ '1.3.4' ],
22 silly audit   'stacktrace-parser': [ '0.1.11' ],
22 silly audit   'standard-navigation': [ '0.0.5' ],
22 silly audit   'stream-buffers': [ '2.2.0' ],
22 silly audit   'strict-uri-encode': [ '2.0.0' ],
22 silly audit   'string-width': [ '4.2.3' ],
22 silly audit   'strip-indent': [ '3.0.0' ],
22 silly audit   'structured-headers': [ '0.4.1' ],
22 silly audit   'style-value-types': [ '5.0.0' ],
22 silly audit   styleq: [ '0.1.3' ],
22 silly audit   sucrase: [ '3.35.1' ],
22 silly audit   'supports-hyperlinks': [ '2.3.0' ],
22 silly audit   'supports-preserve-symlinks-flag': [ '1.0.0' ],
22 silly audit   'tailwind-merge': [ '3.6.0' ],
22 silly audit   tailwindcss: [ '3.4.19' ],
22 silly audit   'tailwindcss-animate': [ '1.0.7' ],
22 silly audit   'terminal-link': [ '2.1.1' ],
22 silly audit   terser: [ '5.46.0' ],
22 silly audit   thenify: [ '3.3.1' ],
22 silly audit   'thenify-all': [ '1.6.0' ],
22 silly audit   throat: [ '5.0.0' ],
22 silly audit   tinyglobby: [ '0.2.15' ],
22 silly audit   tmpl: [ '1.0.5' ],
22 silly audit   'to-regex-range': [ '5.0.1' ],
22 silly audit   toidentifier: [ '1.0.1' ],
22 silly audit   toqr: [ '0.1.1' ],
22 silly audit   tr46: [ '0.0.3' ],
22 silly audit   'ts-interface-checker': [ '0.1.13' ],
22 silly audit   tslib: [ '2.8.1' ],
22 silly audit   tsx: [ '4.22.4' ],
22 silly audit   'ua-parser-js': [ '1.0.41' ],
22 silly audit   'undici-types': [ '7.18.2' ],
22 silly audit   'unicode-canonical-property-names-ecmascript': [ '2.0.1' ],
22 silly audit   'unicode-match-property-ecmascript': [ '2.0.0' ],
22 silly audit   'unicode-match-property-value-ecmascript': [ '2.2.1' ],
22 silly audit   'unicode-property-aliases-ecmascript': [ '2.2.0' ],
22 silly audit   unpipe: [ '1.0.0' ],
22 silly audit   'update-browserslist-db': [ '1.2.3' ],
22 silly audit   'use-callback-ref': [ '1.3.3' ],
22 silly audit   'use-latest-callback': [ '0.2.6' ],
22 silly audit   'use-sidecar': [ '1.1.3' ],
22 silly audit   'util-deprecate': [ '1.0.2' ],
22 silly audit   'utils-merge': [ '1.0.1' ],
22 silly audit   uuid: [ '7.0.3' ],
22 silly audit   'validate-npm-package-name': [ '5.0.1' ],
22 silly audit   vary: [ '1.1.2' ],
22 silly audit   vaul: [ '1.1.2' ],
22 silly audit   vlq: [ '1.0.1' ],
22 silly audit   walker: [ '1.0.8' ],
22 silly audit   'warn-once': [ '0.1.1' ],
22 silly audit   wcwidth: [ '1.0.1' ],
22 silly audit   'webidl-conversions': [ '3.0.1' ],
22 silly audit   'whatwg-fetch': [ '3.6.20' ],
22 silly audit   'whatwg-url': [ '5.0.0' ],
22 silly audit   'whatwg-url-minimum': [ '0.1.2' ],
22 silly audit   which: [ '2.0.2' ],
22 silly audit   'wrap-ansi': [ '7.0.0' ],
22 silly audit   xcode: [ '3.0.1' ],
22 silly audit   xml2js: [ '0.6.0' ],
22 silly audit   xmlbuilder: [ '11.0.1', '15.1.1' ],
22 silly audit   y18n: [ '5.0.8' ],
22 silly audit   yallist: [ '3.1.1' ],
22 silly audit   yaml: [ '2.9.0' ],
22 silly audit   yargs: [ '17.7.2' ],
22 silly audit   'yargs-parser': [ '21.1.1' ],
22 silly audit   zod: [ '3.25.76' ],
22 silly audit   typescript: [ '6.0.3' ]
22 silly audit }
23 verbose reify failed optional dependency D:\Project\NextRep\node_modules\lightningcss-win32-arm64-msvc
24 silly reify mark deleted [ 'D:\\Project\\NextRep\\node_modules\\lightningcss-win32-arm64-msvc' ]
25 verbose reify failed optional dependency D:\Project\NextRep\node_modules\lightningcss-linux-x64-musl
26 silly reify mark deleted [ 'D:\\Project\\NextRep\\node_modules\\lightningcss-linux-x64-musl' ]
27 verbose reify failed optional dependency D:\Project\NextRep\node_modules\lightningcss-linux-x64-gnu
28 silly reify mark deleted [ 'D:\\Project\\NextRep\\node_modules\\lightningcss-linux-x64-gnu' ]
29 verbose reify failed optional dependency D:\Project\NextRep\node_modules\lightningcss-linux-arm64-musl
30 silly reify mark deleted [ 'D:\\Project\\NextRep\\node_modules\\lightningcss-linux-arm64-musl' ]
31 verbose reify failed optional dependency D:\Project\NextRep\node_modules\lightningcss-linux-arm64-gnu
32 silly reify mark deleted [ 'D:\\Project\\NextRep\\node_modules\\lightningcss-linux-arm64-gnu' ]
33 verbose reify failed optional dependency D:\Project\NextRep\node_modules\lightningcss-linux-arm-gnueabihf
34 silly reify mark deleted [
34 silly reify   'D:\\Project\\NextRep\\node_modules\\lightningcss-linux-arm-gnueabihf'
34 silly reify ]
35 verbose reify failed optional dependency D:\Project\NextRep\node_modules\lightningcss-freebsd-x64
36 silly reify mark deleted [ 'D:\\Project\\NextRep\\node_modules\\lightningcss-freebsd-x64' ]
37 verbose reify failed optional dependency D:\Project\NextRep\node_modules\lightningcss-darwin-x64
38 silly reify mark deleted [ 'D:\\Project\\NextRep\\node_modules\\lightningcss-darwin-x64' ]
39 verbose reify failed optional dependency D:\Project\NextRep\node_modules\lightningcss-darwin-arm64
40 silly reify mark deleted [ 'D:\\Project\\NextRep\\node_modules\\lightningcss-darwin-arm64' ]
41 verbose reify failed optional dependency D:\Project\NextRep\node_modules\lightningcss-android-arm64
42 silly reify mark deleted [ 'D:\\Project\\NextRep\\node_modules\\lightningcss-android-arm64' ]
43 verbose reify failed optional dependency D:\Project\NextRep\node_modules\fsevents
44 silly reify mark deleted [ 'D:\\Project\\NextRep\\node_modules\\fsevents' ]
45 verbose reify failed optional dependency D:\Project\NextRep\node_modules\@esbuild\win32-ia32
46 silly reify mark deleted [ 'D:\\Project\\NextRep\\node_modules\\@esbuild\\win32-ia32' ]
47 verbose reify failed optional dependency D:\Project\NextRep\node_modules\@esbuild\win32-arm64
48 silly reify mark deleted [ 'D:\\Project\\NextRep\\node_modules\\@esbuild\\win32-arm64' ]
49 verbose reify failed optional dependency D:\Project\NextRep\node_modules\@esbuild\sunos-x64
50 silly reify mark deleted [ 'D:\\Project\\NextRep\\node_modules\\@esbuild\\sunos-x64' ]
51 verbose reify failed optional dependency D:\Project\NextRep\node_modules\@esbuild\openharmony-arm64
52 silly reify mark deleted [ 'D:\\Project\\NextRep\\node_modules\\@esbuild\\openharmony-arm64' ]
53 verbose reify failed optional dependency D:\Project\NextRep\node_modules\@esbuild\openbsd-x64
54 silly reify mark deleted [ 'D:\\Project\\NextRep\\node_modules\\@esbuild\\openbsd-x64' ]
55 verbose reify failed optional dependency D:\Project\NextRep\node_modules\@esbuild\openbsd-arm64
56 silly reify mark deleted [ 'D:\\Project\\NextRep\\node_modules\\@esbuild\\openbsd-arm64' ]
57 verbose reify failed optional dependency D:\Project\NextRep\node_modules\@esbuild\netbsd-x64
58 silly reify mark deleted [ 'D:\\Project\\NextRep\\node_modules\\@esbuild\\netbsd-x64' ]
59 verbose reify failed optional dependency D:\Project\NextRep\node_modules\@esbuild\netbsd-arm64
60 silly reify mark deleted [ 'D:\\Project\\NextRep\\node_modules\\@esbuild\\netbsd-arm64' ]
61 verbose reify failed optional dependency D:\Project\NextRep\node_modules\@esbuild\linux-x64
62 silly reify mark deleted [ 'D:\\Project\\NextRep\\node_modules\\@esbuild\\linux-x64' ]
63 verbose reify failed optional dependency D:\Project\NextRep\node_modules\@esbuild\linux-s390x
64 silly reify mark deleted [ 'D:\\Project\\NextRep\\node_modules\\@esbuild\\linux-s390x' ]
65 verbose reify failed optional dependency D:\Project\NextRep\node_modules\@esbuild\linux-riscv64
66 silly reify mark deleted [ 'D:\\Project\\NextRep\\node_modules\\@esbuild\\linux-riscv64' ]
67 verbose reify failed optional dependency D:\Project\NextRep\node_modules\@esbuild\linux-ppc64
68 silly reify mark deleted [ 'D:\\Project\\NextRep\\node_modules\\@esbuild\\linux-ppc64' ]
69 verbose reify failed optional dependency D:\Project\NextRep\node_modules\@esbuild\linux-mips64el
70 silly reify mark deleted [ 'D:\\Project\\NextRep\\node_modules\\@esbuild\\linux-mips64el' ]
71 verbose reify failed optional dependency D:\Project\NextRep\node_modules\@esbuild\linux-loong64
72 silly reify mark deleted [ 'D:\\Project\\NextRep\\node_modules\\@esbuild\\linux-loong64' ]
73 verbose reify failed optional dependency D:\Project\NextRep\node_modules\@esbuild\linux-ia32
74 silly reify mark deleted [ 'D:\\Project\\NextRep\\node_modules\\@esbuild\\linux-ia32' ]
75 verbose reify failed optional dependency D:\Project\NextRep\node_modules\@esbuild\linux-arm64
76 silly reify mark deleted [ 'D:\\Project\\NextRep\\node_modules\\@esbuild\\linux-arm64' ]
77 verbose reify failed optional dependency D:\Project\NextRep\node_modules\@esbuild\linux-arm
78 silly reify mark deleted [ 'D:\\Project\\NextRep\\node_modules\\@esbuild\\linux-arm' ]
79 verbose reify failed optional dependency D:\Project\NextRep\node_modules\@esbuild\freebsd-x64
80 silly reify mark deleted [ 'D:\\Project\\NextRep\\node_modules\\@esbuild\\freebsd-x64' ]
81 verbose reify failed optional dependency D:\Project\NextRep\node_modules\@esbuild\freebsd-arm64
82 silly reify mark deleted [ 'D:\\Project\\NextRep\\node_modules\\@esbuild\\freebsd-arm64' ]
83 verbose reify failed optional dependency D:\Project\NextRep\node_modules\@esbuild\darwin-x64
84 silly reify mark deleted [ 'D:\\Project\\NextRep\\node_modules\\@esbuild\\darwin-x64' ]
85 verbose reify failed optional dependency D:\Project\NextRep\node_modules\@esbuild\darwin-arm64
86 silly reify mark deleted [ 'D:\\Project\\NextRep\\node_modules\\@esbuild\\darwin-arm64' ]
87 verbose reify failed optional dependency D:\Project\NextRep\node_modules\@esbuild\android-x64
88 silly reify mark deleted [ 'D:\\Project\\NextRep\\node_modules\\@esbuild\\android-x64' ]
89 verbose reify failed optional dependency D:\Project\NextRep\node_modules\@esbuild\android-arm64
90 silly reify mark deleted [ 'D:\\Project\\NextRep\\node_modules\\@esbuild\\android-arm64' ]
91 verbose reify failed optional dependency D:\Project\NextRep\node_modules\@esbuild\android-arm
92 silly reify mark deleted [ 'D:\\Project\\NextRep\\node_modules\\@esbuild\\android-arm' ]
93 verbose reify failed optional dependency D:\Project\NextRep\node_modules\@esbuild\aix-ppc64
94 silly reify mark deleted [ 'D:\\Project\\NextRep\\node_modules\\@esbuild\\aix-ppc64' ]
95 verbose reify failed optional dependency D:\Project\NextRep\node_modules\tsx\node_modules\@esbuild\win32-ia32
96 silly reify mark deleted [
96 silly reify   'D:\\Project\\NextRep\\node_modules\\tsx\\node_modules\\@esbuild\\win32-ia32'
96 silly reify ]
97 verbose reify failed optional dependency D:\Project\NextRep\node_modules\tsx\node_modules\@esbuild\win32-arm64
98 silly reify mark deleted [
98 silly reify   'D:\\Project\\NextRep\\node_modules\\tsx\\node_modules\\@esbuild\\win32-arm64'
98 silly reify ]
99 verbose reify failed optional dependency D:\Project\NextRep\node_modules\tsx\node_modules\@esbuild\sunos-x64
100 silly reify mark deleted [
100 silly reify   'D:\\Project\\NextRep\\node_modules\\tsx\\node_modules\\@esbuild\\sunos-x64'
100 silly reify ]
101 verbose reify failed optional dependency D:\Project\NextRep\node_modules\tsx\node_modules\@esbuild\openharmony-arm64
102 silly reify mark deleted [
102 silly reify   'D:\\Project\\NextRep\\node_modules\\tsx\\node_modules\\@esbuild\\openharmony-arm64'
102 silly reify ]
103 verbose reify failed optional dependency D:\Project\NextRep\node_modules\tsx\node_modules\@esbuild\openbsd-x64
104 silly reify mark deleted [
104 silly reify   'D:\\Project\\NextRep\\node_modules\\tsx\\node_modules\\@esbuild\\openbsd-x64'
104 silly reify ]
105 verbose reify failed optional dependency D:\Project\NextRep\node_modules\tsx\node_modules\@esbuild\openbsd-arm64
106 silly reify mark deleted [
106 silly reify   'D:\\Project\\NextRep\\node_modules\\tsx\\node_modules\\@esbuild\\openbsd-arm64'
106 silly reify ]
107 verbose reify failed optional dependency D:\Project\NextRep\node_modules\tsx\node_modules\@esbuild\netbsd-x64
108 silly reify mark deleted [
108 silly reify   'D:\\Project\\NextRep\\node_modules\\tsx\\node_modules\\@esbuild\\netbsd-x64'
108 silly reify ]
109 verbose reify failed optional dependency D:\Project\NextRep\node_modules\tsx\node_modules\@esbuild\netbsd-arm64
110 silly reify mark deleted [
110 silly reify   'D:\\Project\\NextRep\\node_modules\\tsx\\node_modules\\@esbuild\\netbsd-arm64'
110 silly reify ]
111 verbose reify failed optional dependency D:\Project\NextRep\node_modules\tsx\node_modules\@esbuild\linux-x64
112 silly reify mark deleted [
112 silly reify   'D:\\Project\\NextRep\\node_modules\\tsx\\node_modules\\@esbuild\\linux-x64'
112 silly reify ]
113 verbose reify failed optional dependency D:\Project\NextRep\node_modules\tsx\node_modules\@esbuild\linux-s390x
114 silly reify mark deleted [
114 silly reify   'D:\\Project\\NextRep\\node_modules\\tsx\\node_modules\\@esbuild\\linux-s390x'
114 silly reify ]
115 verbose reify failed optional dependency D:\Project\NextRep\node_modules\tsx\node_modules\@esbuild\linux-riscv64
116 silly reify mark deleted [
116 silly reify   'D:\\Project\\NextRep\\node_modules\\tsx\\node_modules\\@esbuild\\linux-riscv64'
116 silly reify ]
117 verbose reify failed optional dependency D:\Project\NextRep\node_modules\tsx\node_modules\@esbuild\linux-ppc64
118 silly reify mark deleted [
118 silly reify   'D:\\Project\\NextRep\\node_modules\\tsx\\node_modules\\@esbuild\\linux-ppc64'
118 silly reify ]
119 verbose reify failed optional dependency D:\Project\NextRep\node_modules\tsx\node_modules\@esbuild\linux-mips64el
120 silly reify mark deleted [
120 silly reify   'D:\\Project\\NextRep\\node_modules\\tsx\\node_modules\\@esbuild\\linux-mips64el'
120 silly reify ]
121 verbose reify failed optional dependency D:\Project\NextRep\node_modules\tsx\node_modules\@esbuild\linux-loong64
122 silly reify mark deleted [
122 silly reify   'D:\\Project\\NextRep\\node_modules\\tsx\\node_modules\\@esbuild\\linux-loong64'
122 silly reify ]
123 verbose reify failed optional dependency D:\Project\NextRep\node_modules\tsx\node_modules\@esbuild\linux-ia32
124 silly reify mark deleted [
124 silly reify   'D:\\Project\\NextRep\\node_modules\\tsx\\node_modules\\@esbuild\\linux-ia32'
124 silly reify ]
125 verbose reify failed optional dependency D:\Project\NextRep\node_modules\tsx\node_modules\@esbuild\linux-arm64
126 silly reify mark deleted [
126 silly reify   'D:\\Project\\NextRep\\node_modules\\tsx\\node_modules\\@esbuild\\linux-arm64'
126 silly reify ]
127 verbose reify failed optional dependency D:\Project\NextRep\node_modules\tsx\node_modules\@esbuild\linux-arm
128 silly reify mark deleted [
128 silly reify   'D:\\Project\\NextRep\\node_modules\\tsx\\node_modules\\@esbuild\\linux-arm'
128 silly reify ]
129 verbose reify failed optional dependency D:\Project\NextRep\node_modules\tsx\node_modules\@esbuild\freebsd-x64
130 silly reify mark deleted [
130 silly reify   'D:\\Project\\NextRep\\node_modules\\tsx\\node_modules\\@esbuild\\freebsd-x64'
130 silly reify ]
131 verbose reify failed optional dependency D:\Project\NextRep\node_modules\tsx\node_modules\@esbuild\freebsd-arm64
132 silly reify mark deleted [
132 silly reify   'D:\\Project\\NextRep\\node_modules\\tsx\\node_modules\\@esbuild\\freebsd-arm64'
132 silly reify ]
133 verbose reify failed optional dependency D:\Project\NextRep\node_modules\tsx\node_modules\@esbuild\darwin-x64
134 silly reify mark deleted [
134 silly reify   'D:\\Project\\NextRep\\node_modules\\tsx\\node_modules\\@esbuild\\darwin-x64'
134 silly reify ]
135 verbose reify failed optional dependency D:\Project\NextRep\node_modules\tsx\node_modules\@esbuild\darwin-arm64
136 silly reify mark deleted [
136 silly reify   'D:\\Project\\NextRep\\node_modules\\tsx\\node_modules\\@esbuild\\darwin-arm64'
136 silly reify ]
137 verbose reify failed optional dependency D:\Project\NextRep\node_modules\tsx\node_modules\@esbuild\android-x64
138 silly reify mark deleted [
138 silly reify   'D:\\Project\\NextRep\\node_modules\\tsx\\node_modules\\@esbuild\\android-x64'
138 silly reify ]
139 verbose reify failed optional dependency D:\Project\NextRep\node_modules\tsx\node_modules\@esbuild\android-arm64
140 silly reify mark deleted [
140 silly reify   'D:\\Project\\NextRep\\node_modules\\tsx\\node_modules\\@esbuild\\android-arm64'
140 silly reify ]
141 verbose reify failed optional dependency D:\Project\NextRep\node_modules\tsx\node_modules\@esbuild\android-arm
142 silly reify mark deleted [
142 silly reify   'D:\\Project\\NextRep\\node_modules\\tsx\\node_modules\\@esbuild\\android-arm'
142 silly reify ]
143 verbose reify failed optional dependency D:\Project\NextRep\node_modules\tsx\node_modules\@esbuild\aix-ppc64
144 silly reify mark deleted [
144 silly reify   'D:\\Project\\NextRep\\node_modules\\tsx\\node_modules\\@esbuild\\aix-ppc64'
144 silly reify ]
145 verbose reify failed optional dependency D:\Project\NextRep\node_modules\react-native-css-interop\node_modules\lightningcss-win32-arm64-msvc
146 silly reify mark deleted [
146 silly reify   'D:\\Project\\NextRep\\node_modules\\react-native-css-interop\\node_modules\\lightningcss-win32-arm64-msvc'
146 silly reify ]
147 verbose reify failed optional dependency D:\Project\NextRep\node_modules\react-native-css-interop\node_modules\lightningcss-linux-x64-musl
148 silly reify mark deleted [
148 silly reify   'D:\\Project\\NextRep\\node_modules\\react-native-css-interop\\node_modules\\lightningcss-linux-x64-musl'
148 silly reify ]
149 verbose reify failed optional dependency D:\Project\NextRep\node_modules\react-native-css-interop\node_modules\lightningcss-linux-x64-gnu
150 silly reify mark deleted [
150 silly reify   'D:\\Project\\NextRep\\node_modules\\react-native-css-interop\\node_modules\\lightningcss-linux-x64-gnu'
150 silly reify ]
151 verbose reify failed optional dependency D:\Project\NextRep\node_modules\react-native-css-interop\node_modules\lightningcss-linux-arm64-musl
152 silly reify mark deleted [
152 silly reify   'D:\\Project\\NextRep\\node_modules\\react-native-css-interop\\node_modules\\lightningcss-linux-arm64-musl'
152 silly reify ]
153 verbose reify failed optional dependency D:\Project\NextRep\node_modules\react-native-css-interop\node_modules\lightningcss-linux-arm64-gnu
154 silly reify mark deleted [
154 silly reify   'D:\\Project\\NextRep\\node_modules\\react-native-css-interop\\node_modules\\lightningcss-linux-arm64-gnu'
154 silly reify ]
155 verbose reify failed optional dependency D:\Project\NextRep\node_modules\react-native-css-interop\node_modules\lightningcss-linux-arm-gnueabihf
156 silly reify mark deleted [
156 silly reify   'D:\\Project\\NextRep\\node_modules\\react-native-css-interop\\node_modules\\lightningcss-linux-arm-gnueabihf'
156 silly reify ]
157 verbose reify failed optional dependency D:\Project\NextRep\node_modules\react-native-css-interop\node_modules\lightningcss-freebsd-x64
158 silly reify mark deleted [
158 silly reify   'D:\\Project\\NextRep\\node_modules\\react-native-css-interop\\node_modules\\lightningcss-freebsd-x64'
158 silly reify ]
159 verbose reify failed optional dependency D:\Project\NextRep\node_modules\react-native-css-interop\node_modules\lightningcss-darwin-x64
160 silly reify mark deleted [
160 silly reify   'D:\\Project\\NextRep\\node_modules\\react-native-css-interop\\node_modules\\lightningcss-darwin-x64'
160 silly reify ]
161 verbose reify failed optional dependency D:\Project\NextRep\node_modules\react-native-css-interop\node_modules\lightningcss-darwin-arm64
162 silly reify mark deleted [
162 silly reify   'D:\\Project\\NextRep\\node_modules\\react-native-css-interop\\node_modules\\lightningcss-darwin-arm64'
162 silly reify ]
163 verbose reify failed optional dependency D:\Project\NextRep\node_modules\drizzle-kit\node_modules\@esbuild\win32-ia32
164 silly reify mark deleted [
164 silly reify   'D:\\Project\\NextRep\\node_modules\\drizzle-kit\\node_modules\\@esbuild\\win32-ia32'
164 silly reify ]
165 verbose reify failed optional dependency D:\Project\NextRep\node_modules\drizzle-kit\node_modules\@esbuild\win32-arm64
166 silly reify mark deleted [
166 silly reify   'D:\\Project\\NextRep\\node_modules\\drizzle-kit\\node_modules\\@esbuild\\win32-arm64'
166 silly reify ]
167 verbose reify failed optional dependency D:\Project\NextRep\node_modules\drizzle-kit\node_modules\@esbuild\sunos-x64
168 silly reify mark deleted [
168 silly reify   'D:\\Project\\NextRep\\node_modules\\drizzle-kit\\node_modules\\@esbuild\\sunos-x64'
168 silly reify ]
169 verbose reify failed optional dependency D:\Project\NextRep\node_modules\drizzle-kit\node_modules\@esbuild\openbsd-x64
170 silly reify mark deleted [
170 silly reify   'D:\\Project\\NextRep\\node_modules\\drizzle-kit\\node_modules\\@esbuild\\openbsd-x64'
170 silly reify ]
171 verbose reify failed optional dependency D:\Project\NextRep\node_modules\drizzle-kit\node_modules\@esbuild\netbsd-x64
172 silly reify mark deleted [
172 silly reify   'D:\\Project\\NextRep\\node_modules\\drizzle-kit\\node_modules\\@esbuild\\netbsd-x64'
172 silly reify ]
173 verbose reify failed optional dependency D:\Project\NextRep\node_modules\drizzle-kit\node_modules\@esbuild\linux-x64
174 silly reify mark deleted [
174 silly reify   'D:\\Project\\NextRep\\node_modules\\drizzle-kit\\node_modules\\@esbuild\\linux-x64'
174 silly reify ]
175 verbose reify failed optional dependency D:\Project\NextRep\node_modules\drizzle-kit\node_modules\@esbuild\linux-s390x
176 silly reify mark deleted [
176 silly reify   'D:\\Project\\NextRep\\node_modules\\drizzle-kit\\node_modules\\@esbuild\\linux-s390x'
176 silly reify ]
177 verbose reify failed optional dependency D:\Project\NextRep\node_modules\drizzle-kit\node_modules\@esbuild\linux-riscv64
178 silly reify mark deleted [
178 silly reify   'D:\\Project\\NextRep\\node_modules\\drizzle-kit\\node_modules\\@esbuild\\linux-riscv64'
178 silly reify ]
179 verbose reify failed optional dependency D:\Project\NextRep\node_modules\drizzle-kit\node_modules\@esbuild\linux-ppc64
180 silly reify mark deleted [
180 silly reify   'D:\\Project\\NextRep\\node_modules\\drizzle-kit\\node_modules\\@esbuild\\linux-ppc64'
180 silly reify ]
181 verbose reify failed optional dependency D:\Project\NextRep\node_modules\drizzle-kit\node_modules\@esbuild\linux-mips64el
182 silly reify mark deleted [
182 silly reify   'D:\\Project\\NextRep\\node_modules\\drizzle-kit\\node_modules\\@esbuild\\linux-mips64el'
182 silly reify ]
183 verbose reify failed optional dependency D:\Project\NextRep\node_modules\drizzle-kit\node_modules\@esbuild\linux-loong64
184 silly reify mark deleted [
184 silly reify   'D:\\Project\\NextRep\\node_modules\\drizzle-kit\\node_modules\\@esbuild\\linux-loong64'
184 silly reify ]
185 verbose reify failed optional dependency D:\Project\NextRep\node_modules\drizzle-kit\node_modules\@esbuild\linux-ia32
186 silly reify mark deleted [
186 silly reify   'D:\\Project\\NextRep\\node_modules\\drizzle-kit\\node_modules\\@esbuild\\linux-ia32'
186 silly reify ]
187 verbose reify failed optional dependency D:\Project\NextRep\node_modules\drizzle-kit\node_modules\@esbuild\linux-arm64
188 silly reify mark deleted [
188 silly reify   'D:\\Project\\NextRep\\node_modules\\drizzle-kit\\node_modules\\@esbuild\\linux-arm64'
188 silly reify ]
189 verbose reify failed optional dependency D:\Project\NextRep\node_modules\drizzle-kit\node_modules\@esbuild\linux-arm
190 silly reify mark deleted [
190 silly reify   'D:\\Project\\NextRep\\node_modules\\drizzle-kit\\node_modules\\@esbuild\\linux-arm'
190 silly reify ]
191 verbose reify failed optional dependency D:\Project\NextRep\node_modules\drizzle-kit\node_modules\@esbuild\freebsd-x64
192 silly reify mark deleted [
192 silly reify   'D:\\Project\\NextRep\\node_modules\\drizzle-kit\\node_modules\\@esbuild\\freebsd-x64'
192 silly reify ]
193 verbose reify failed optional dependency D:\Project\NextRep\node_modules\drizzle-kit\node_modules\@esbuild\freebsd-arm64
194 silly reify mark deleted [
194 silly reify   'D:\\Project\\NextRep\\node_modules\\drizzle-kit\\node_modules\\@esbuild\\freebsd-arm64'
194 silly reify ]
195 verbose reify failed optional dependency D:\Project\NextRep\node_modules\drizzle-kit\node_modules\@esbuild\darwin-x64
196 silly reify mark deleted [
196 silly reify   'D:\\Project\\NextRep\\node_modules\\drizzle-kit\\node_modules\\@esbuild\\darwin-x64'
196 silly reify ]
197 verbose reify failed optional dependency D:\Project\NextRep\node_modules\drizzle-kit\node_modules\@esbuild\darwin-arm64
198 silly reify mark deleted [
198 silly reify   'D:\\Project\\NextRep\\node_modules\\drizzle-kit\\node_modules\\@esbuild\\darwin-arm64'
198 silly reify ]
199 verbose reify failed optional dependency D:\Project\NextRep\node_modules\drizzle-kit\node_modules\@esbuild\android-x64
200 silly reify mark deleted [
200 silly reify   'D:\\Project\\NextRep\\node_modules\\drizzle-kit\\node_modules\\@esbuild\\android-x64'
200 silly reify ]
201 verbose reify failed optional dependency D:\Project\NextRep\node_modules\drizzle-kit\node_modules\@esbuild\android-arm64
202 silly reify mark deleted [
202 silly reify   'D:\\Project\\NextRep\\node_modules\\drizzle-kit\\node_modules\\@esbuild\\android-arm64'
202 silly reify ]
203 verbose reify failed optional dependency D:\Project\NextRep\node_modules\drizzle-kit\node_modules\@esbuild\android-arm
204 silly reify mark deleted [
204 silly reify   'D:\\Project\\NextRep\\node_modules\\drizzle-kit\\node_modules\\@esbuild\\android-arm'
204 silly reify ]
205 http cache typescript@https://registry.npmjs.org/typescript/-/typescript-6.0.3.tgz 0ms (cache hit)
206 silly tarball no local data for typescript@https://registry.npmjs.org/typescript/-/typescript-6.0.3.tgz. Extracting by manifest.
207 http fetch POST 200 https://registry.npmjs.org/-/npm/v1/security/advisories/bulk 340ms
208 silly audit report {
208 silly audit report   esbuild: [
208 silly audit report     {
208 silly audit report       id: 1102341,
208 silly audit report       url: 'https://github.com/advisories/GHSA-67mh-4wv8-2f99',
208 silly audit report       title: 'esbuild enables any website to send any requests to the development server and read the response',
208 silly audit report       severity: 'moderate',
208 silly audit report       vulnerable_versions: '<=0.24.2',
208 silly audit report       cwe: [Array],
208 silly audit report       cvss: [Object]
208 silly audit report     }
208 silly audit report   ],
208 silly audit report   'markdown-it': [
208 silly audit report     {
208 silly audit report       id: 1092663,
208 silly audit report       url: 'https://github.com/advisories/GHSA-6vfc-qv3f-vr6c',
208 silly audit report       title: 'Uncontrolled Resource Consumption in markdown-it',
208 silly audit report       severity: 'moderate',
208 silly audit report       vulnerable_versions: '<12.3.2',
208 silly audit report       cwe: [Array],
208 silly audit report       cvss: [Object]
208 silly audit report     }
208 silly audit report   ],
208 silly audit report   uuid: [
208 silly audit report     {
208 silly audit report       id: 1119441,
208 silly audit report       url: 'https://github.com/advisories/GHSA-w5hq-g745-h8pq',
208 silly audit report       title: 'uuid: Missing buffer bounds check in v3/v5/v6 when buf is provided',
208 silly audit report       severity: 'moderate',
208 silly audit report       vulnerable_versions: '<11.1.1',
208 silly audit report       cwe: [Array],
208 silly audit report       cvss: [Object]
208 silly audit report     }
208 silly audit report   ]
208 silly audit report }
209 silly packumentCache corgi:https://registry.npmjs.org/esbuild cache-miss
210 silly packumentCache corgi:https://registry.npmjs.org/markdown-it cache-miss
211 silly packumentCache corgi:https://registry.npmjs.org/uuid cache-miss
212 http fetch GET 200 https://registry.npmjs.org/esbuild 226ms (cache revalidated)
213 silly packumentCache corgi:https://registry.npmjs.org/esbuild set size:887361 disposed:false
214 http fetch GET 200 https://registry.npmjs.org/uuid 573ms (cache revalidated)
215 silly packumentCache corgi:https://registry.npmjs.org/uuid set size:81812 disposed:false
216 http fetch GET 200 https://registry.npmjs.org/markdown-it 574ms (cache revalidated)
217 silly packumentCache corgi:https://registry.npmjs.org/markdown-it set size:125201 disposed:false
218 silly packumentCache corgi:https://registry.npmjs.org/@esbuild-kit%2fcore-utils cache-miss
219 http fetch GET 200 https://registry.npmjs.org/@esbuild-kit%2fcore-utils 183ms (cache revalidated)
220 silly packumentCache corgi:https://registry.npmjs.org/@esbuild-kit%2fcore-utils set size:50014 disposed:false
221 silly packumentCache corgi:https://registry.npmjs.org/react-native-markdown-display cache-miss
222 http fetch GET 200 https://registry.npmjs.org/react-native-markdown-display 267ms (cache revalidated)
223 silly packumentCache corgi:https://registry.npmjs.org/react-native-markdown-display set size:60097 disposed:false
224 silly packumentCache corgi:https://registry.npmjs.org/xcode cache-miss
225 http fetch GET 200 https://registry.npmjs.org/xcode 186ms (cache revalidated)
226 silly packumentCache corgi:https://registry.npmjs.org/xcode set size:1850340 disposed:false
227 silly packumentCache corgi:https://registry.npmjs.org/@esbuild-kit%2fesm-loader cache-miss
228 http fetch GET 200 https://registry.npmjs.org/@esbuild-kit%2fesm-loader 117ms (cache revalidated)
229 silly packumentCache corgi:https://registry.npmjs.org/@esbuild-kit%2fesm-loader set size:48202 disposed:false
230 silly packumentCache corgi:https://registry.npmjs.org/@expo%2fconfig-plugins cache-miss
231 http fetch GET 200 https://registry.npmjs.org/@expo%2fconfig-plugins 175ms (cache revalidated)
232 silly packumentCache corgi:https://registry.npmjs.org/@expo%2fconfig-plugins set size:413059 disposed:false
233 silly packumentCache corgi:https://registry.npmjs.org/drizzle-kit cache-miss
234 http fetch GET 200 https://registry.npmjs.org/drizzle-kit 139ms (cache revalidated)
235 silly packumentCache corgi:https://registry.npmjs.org/drizzle-kit set size:2817790 disposed:false
236 silly packumentCache corgi:https://registry.npmjs.org/@expo%2fconfig cache-miss
237 silly packumentCache corgi:https://registry.npmjs.org/@expo%2finline-modules cache-miss
238 silly packumentCache corgi:https://registry.npmjs.org/@expo%2fprebuild-config cache-miss
239 silly packumentCache corgi:https://registry.npmjs.org/expo cache-miss
240 silly packumentCache corgi:https://registry.npmjs.org/expo-sharing cache-miss
241 silly packumentCache corgi:https://registry.npmjs.org/expo-splash-screen cache-miss
242 silly packumentCache corgi:https://registry.npmjs.org/@expo%2fcli cache-miss
243 http fetch GET 200 https://registry.npmjs.org/@expo%2fconfig 277ms (cache revalidated)
244 silly packumentCache corgi:https://registry.npmjs.org/@expo%2fconfig set size:542603 disposed:false
245 http fetch GET 200 https://registry.npmjs.org/@expo%2fprebuild-config 286ms (cache revalidated)
246 silly packumentCache corgi:https://registry.npmjs.org/@expo%2fprebuild-config set size:382820 disposed:false
247 http fetch GET 200 https://registry.npmjs.org/@expo%2finline-modules 294ms (cache revalidated)
248 silly packumentCache corgi:https://registry.npmjs.org/@expo%2finline-modules set size:20918 disposed:false
249 http fetch GET 200 https://registry.npmjs.org/expo 1033ms (cache revalidated)
250 silly packumentCache corgi:https://registry.npmjs.org/expo set size:1768120 disposed:false
251 http fetch GET 200 https://registry.npmjs.org/expo-splash-screen 1050ms (cache revalidated)
252 silly packumentCache corgi:https://registry.npmjs.org/expo-splash-screen set size:278224 disposed:false
253 http fetch GET 200 https://registry.npmjs.org/@expo%2fcli 1058ms (cache revalidated)
254 silly packumentCache corgi:https://registry.npmjs.org/@expo%2fcli set size:1640347 disposed:false
255 http fetch GET 200 https://registry.npmjs.org/expo-sharing 1146ms (cache revalidated)
256 silly packumentCache corgi:https://registry.npmjs.org/expo-sharing set size:215611 disposed:false
257 silly packumentCache corgi:https://registry.npmjs.org/@expo%2flocal-build-cache-provider cache-miss
258 silly packumentCache corgi:https://registry.npmjs.org/@expo%2fmetro-config cache-miss
259 http fetch GET 200 https://registry.npmjs.org/typescript/-/typescript-6.0.3.tgz 3277ms (cache miss)
260 http fetch GET 200 https://registry.npmjs.org/@expo%2flocal-build-cache-provider 180ms (cache revalidated)
261 silly packumentCache corgi:https://registry.npmjs.org/@expo%2flocal-build-cache-provider set size:50741 disposed:false
262 http fetch GET 200 https://registry.npmjs.org/@expo%2fmetro-config 181ms (cache revalidated)
263 silly packumentCache corgi:https://registry.npmjs.org/@expo%2fmetro-config set size:582725 disposed:false
264 silly packumentCache corgi:https://registry.npmjs.org/@expo%2fdom-webview cache-miss
265 silly packumentCache corgi:https://registry.npmjs.org/@expo%2flog-box cache-miss
266 silly packumentCache corgi:https://registry.npmjs.org/@expo%2fmetro-runtime cache-miss
267 silly packumentCache corgi:https://registry.npmjs.org/@expo%2fui cache-miss
268 silly packumentCache corgi:https://registry.npmjs.org/babel-preset-expo cache-miss
269 silly packumentCache corgi:https://registry.npmjs.org/expo-asset cache-miss
270 silly packumentCache corgi:https://registry.npmjs.org/expo-blur cache-miss
271 silly packumentCache corgi:https://registry.npmjs.org/expo-constants cache-miss
272 silly packumentCache corgi:https://registry.npmjs.org/expo-crypto cache-miss
273 silly packumentCache corgi:https://registry.npmjs.org/expo-document-picker cache-miss
274 silly packumentCache corgi:https://registry.npmjs.org/expo-file-system cache-miss
275 silly packumentCache corgi:https://registry.npmjs.org/expo-font cache-miss
276 silly packumentCache corgi:https://registry.npmjs.org/expo-glass-effect cache-miss
277 silly packumentCache corgi:https://registry.npmjs.org/expo-keep-awake cache-miss
278 silly packumentCache corgi:https://registry.npmjs.org/expo-linear-gradient cache-miss
279 silly packumentCache corgi:https://registry.npmjs.org/expo-router cache-miss
280 silly packumentCache corgi:https://registry.npmjs.org/expo-sqlite cache-miss
281 silly packumentCache corgi:https://registry.npmjs.org/expo-status-bar cache-miss
282 silly packumentCache corgi:https://registry.npmjs.org/expo-symbols cache-miss
283 silly packumentCache corgi:https://registry.npmjs.org/expo-system-ui cache-miss
284 silly packumentCache corgi:https://registry.npmjs.org/@expo%2frouter-server cache-miss
285 http cache https://registry.npmjs.org/@expo%2fui 62ms (cache hit)
286 silly packumentCache corgi:https://registry.npmjs.org/@expo%2fui set size:147089 disposed:false
287 http cache https://registry.npmjs.org/expo-status-bar 60ms (cache hit)
288 silly packumentCache corgi:https://registry.npmjs.org/expo-status-bar set size:192703 disposed:false
289 http fetch GET 200 https://registry.npmjs.org/expo-keep-awake 162ms (cache revalidated)
290 silly packumentCache corgi:https://registry.npmjs.org/expo-keep-awake set size:190028 disposed:false
291 http fetch GET 200 https://registry.npmjs.org/expo-crypto 167ms (cache revalidated)
292 silly packumentCache corgi:https://registry.npmjs.org/expo-crypto set size:182270 disposed:false
293 http fetch GET 200 https://registry.npmjs.org/expo-blur 171ms (cache revalidated)
294 silly packumentCache corgi:https://registry.npmjs.org/expo-blur set size:207839 disposed:false
295 http fetch GET 200 https://registry.npmjs.org/expo-asset 193ms (cache revalidated)
296 silly packumentCache corgi:https://registry.npmjs.org/expo-asset set size:305922 disposed:false
297 http fetch GET 200 https://registry.npmjs.org/@expo%2fmetro-runtime 199ms (cache revalidated)
298 silly packumentCache corgi:https://registry.npmjs.org/@expo%2fmetro-runtime set size:195831 disposed:false
299 http fetch GET 200 https://registry.npmjs.org/@expo%2fdom-webview 202ms (cache revalidated)
300 silly packumentCache corgi:https://registry.npmjs.org/@expo%2fdom-webview set size:97299 disposed:false
301 http fetch GET 200 https://registry.npmjs.org/expo-symbols 282ms (cache revalidated)
302 silly packumentCache corgi:https://registry.npmjs.org/expo-symbols set size:146004 disposed:false
303 http fetch GET 200 https://registry.npmjs.org/expo-system-ui 335ms (cache revalidated)
304 silly packumentCache corgi:https://registry.npmjs.org/expo-system-ui set size:201735 disposed:false
305 http fetch GET 200 https://registry.npmjs.org/babel-preset-expo 341ms (cache revalidated)
306 silly packumentCache corgi:https://registry.npmjs.org/babel-preset-expo set size:545916 disposed:false
307 http fetch GET 200 https://registry.npmjs.org/@expo%2flog-box 392ms (cache revalidated)
308 silly packumentCache corgi:https://registry.npmjs.org/@expo%2flog-box set size:86929 disposed:false
309 http fetch GET 200 https://registry.npmjs.org/expo-sqlite 439ms (cache revalidated)
310 silly packumentCache corgi:https://registry.npmjs.org/expo-sqlite set size:250255 disposed:false
311 http fetch GET 200 https://registry.npmjs.org/expo-font 594ms (cache revalidated)
312 silly packumentCache corgi:https://registry.npmjs.org/expo-font set size:241981 disposed:false
313 http fetch GET 200 https://registry.npmjs.org/expo-glass-effect 625ms (cache revalidated)
314 silly packumentCache corgi:https://registry.npmjs.org/expo-glass-effect set size:80815 disposed:false
315 http fetch GET 200 https://registry.npmjs.org/expo-file-system 627ms (cache revalidated)
316 silly packumentCache corgi:https://registry.npmjs.org/expo-file-system set size:291994 disposed:false
317 http fetch GET 200 https://registry.npmjs.org/@expo%2frouter-server 698ms (cache revalidated)
318 silly packumentCache corgi:https://registry.npmjs.org/@expo%2frouter-server set size:104410 disposed:false
319 http fetch GET 200 https://registry.npmjs.org/expo-constants 911ms (cache revalidated)
320 silly packumentCache corgi:https://registry.npmjs.org/expo-constants set size:291346 disposed:false
321 http fetch GET 200 https://registry.npmjs.org/expo-document-picker 914ms (cache revalidated)
322 silly packumentCache corgi:https://registry.npmjs.org/expo-document-picker set size:207581 disposed:false
323 http fetch GET 200 https://registry.npmjs.org/expo-router 916ms (cache revalidated)
324 silly packumentCache corgi:https://registry.npmjs.org/expo-router set size:924661 disposed:false
325 http fetch GET 200 https://registry.npmjs.org/expo-linear-gradient 929ms (cache revalidated)
326 silly packumentCache corgi:https://registry.npmjs.org/expo-linear-gradient set size:226237 disposed:false
327 silly ADD
328 silly ADD
329 silly ADD
330 silly ADD
331 silly ADD
332 silly ADD
333 silly ADD
334 silly ADD
335 silly ADD
336 silly ADD
337 silly ADD
338 silly ADD
339 silly ADD
340 silly ADD
341 silly ADD
342 silly ADD
343 silly ADD
344 silly ADD
345 silly ADD
346 silly ADD
347 silly ADD
348 silly ADD
349 silly ADD
350 silly ADD
351 silly ADD
352 silly ADD
353 silly ADD
354 silly ADD
355 silly ADD
356 silly ADD
357 silly ADD
358 silly ADD
359 silly ADD
360 silly ADD
361 silly ADD
362 silly ADD
363 silly CHANGE node_modules/typescript
364 silly ADD
365 silly ADD
366 silly ADD
367 silly ADD
368 silly ADD
369 silly ADD
370 silly ADD
371 silly ADD
372 silly ADD
373 silly ADD
374 silly ADD
375 silly ADD
376 silly ADD
377 silly ADD
378 silly ADD
379 silly ADD
380 silly ADD
381 silly ADD
382 silly ADD
383 silly ADD
384 silly ADD
385 silly ADD
386 silly ADD
387 silly ADD
388 silly ADD
389 silly ADD
390 silly ADD
391 silly ADD
392 silly ADD
393 silly ADD
394 silly ADD
395 silly ADD
396 silly ADD
397 silly ADD
398 silly ADD
399 silly ADD
400 silly ADD
401 silly ADD
402 silly ADD
403 silly ADD
404 silly ADD
405 silly ADD
406 silly ADD
407 silly ADD
408 silly ADD
409 silly ADD
410 silly ADD
411 silly ADD
412 silly ADD
413 silly ADD
414 silly ADD
415 silly ADD
416 silly ADD
417 silly ADD
418 silly ADD
419 verbose cwd D:\Project\NextRep
420 verbose os Windows_NT 10.0.26100
421 verbose node v22.20.0
422 verbose npm  v10.9.3
423 verbose exit 0
424 info ok
