0 verbose cli C:\Program Files\nodejs\node.exe C:\Program Files\nodejs\node_modules\npm\bin\npm-cli.js
1 info using npm@10.9.3
2 info using node@v22.20.0
3 silly config load:file:C:\Program Files\nodejs\node_modules\npm\npmrc
4 silly config load:file:D:\Project\NextRep\.npmrc
5 silly config load:file:C:\Users\Liebesfreud\.npmrc
6 silly config load:file:C:\Users\Liebesfreud\AppData\Roaming\npm\etc\npmrc
7 verbose title npm exec expo-doctor
8 verbose argv "exec" "--" "expo-doctor"
9 verbose logfile logs-max:10 dir:D:\Project\NextRep\.npm-cache\_logs\2026-06-12T15_03_02_397Z-
10 verbose logfile D:\Project\NextRep\.npm-cache\_logs\2026-06-12T15_03_02_397Z-debug-0.log
11 silly logfile start cleaning logs, removing 1 files
12 silly logfile done cleaning log files
13 silly packumentCache heap:4345298944 maxSize:1086324736 maxEntrySize:543162368
14 http fetch GET 200 https://registry.npmjs.org/expo-doctor 831ms (cache revalidated)
15 silly packumentCache heap:4345298944 maxSize:1086324736 maxEntrySize:543162368
16 silly packumentCache heap:4345298944 maxSize:1086324736 maxEntrySize:543162368
17 verbose cwd D:\Project\NextRep
18 verbose os Windows_NT 10.0.26100
19 verbose node v22.20.0
20 verbose npm  v10.9.3
21 verbose exit 0
22 info ok
