0 verbose cli C:\Program Files\nodejs\node.exe C:\Program Files\nodejs\node_modules\npm\bin\npm-cli.js
1 info using npm@10.9.3
2 info using node@v22.20.0
3 silly config load:file:C:\Program Files\nodejs\node_modules\npm\npmrc
4 silly config load:file:D:\Project\NextRep\.npmrc
5 silly config load:file:C:\Users\Liebesfreud\.npmrc
6 silly config load:file:C:\Users\Liebesfreud\AppData\Roaming\npm\etc\npmrc
7 verbose title npm explain expo-cli
8 verbose argv "explain" "expo-cli" "--json"
9 verbose logfile logs-max:10 dir:D:\Project\NextRep\.npm-cache\_logs\2026-06-12T15_03_12_275Z-
10 verbose logfile D:\Project\NextRep\.npm-cache\_logs\2026-06-12T15_03_12_275Z-debug-0.log
11 silly logfile start cleaning logs, removing 3 files
12 silly packumentCache heap:4345298944 maxSize:1086324736 maxEntrySize:543162368
13 silly logfile done cleaning log files
14 verbose stack Error: No dependencies found matching expo-cli
14 verbose stack     at Explain.exec (C:\Program Files\nodejs\node_modules\npm\lib\commands\explain.js:58:13)
14 verbose stack     at async Npm.exec (C:\Program Files\nodejs\node_modules\npm\lib\npm.js:207:9)
14 verbose stack     at async module.exports (C:\Program Files\nodejs\node_modules\npm\lib\cli\entry.js:74:5)
15 error No dependencies found matching expo-cli
16 verbose cwd D:\Project\NextRep
17 verbose os Windows_NT 10.0.26100
18 verbose node v22.20.0
19 verbose npm  v10.9.3
20 verbose exit 1
21 verbose code 1
22 error A complete log of this run can be found in: D:\Project\NextRep\.npm-cache\_logs\2026-06-12T15_03_12_275Z-debug-0.log
